-encoding
UTF-8
-outxml
-source
6
-target
6
-classpath
C:\Documents and Settings\boulu72\.m2\repository\antlr\antlr\2.7.6\antlr-2.7.6.jar;C:\Documents and Settings\boulu72\.m2\repository\aopalliance\aopalliance\1.0\aopalliance-1.0.jar;C:\Documents and Settings\boulu72\.m2\repository\cglib\cglib-nodep\2.2.2\cglib-nodep-2.2.2.jar;C:\Documents and Settings\boulu72\.m2\repository\com\oracle\ojdbc6\10.2.0.3\ojdbc6-10.2.0.3.jar;C:\Documents and Settings\boulu72\.m2\repository\commons-beanutils\commons-beanutils\1.8.3\commons-beanutils-1.8.3.jar;C:\Documents and Settings\boulu72\.m2\repository\commons-codec\commons-codec\1.5\commons-codec-1.5.jar;C:\Documents and Settings\boulu72\.m2\repository\commons-collections\commons-collections\3.2.1\commons-collections-3.2.1.jar;C:\Documents and Settings\boulu72\.m2\repository\commons-dbcp\commons-dbcp\1.3\commons-dbcp-1.3.jar;C:\Documents and Settings\boulu72\.m2\repository\commons-digester\commons-digester\2.1\commons-digester-2.1.jar;C:\Documents and Settings\boulu72\.m2\repository\commons-fileupload\commons-fileupload\1.2.2\commons-fileupload-1.2.2.jar;C:\Documents and Settings\boulu72\.m2\repository\commons-io\commons-io\2.1\commons-io-2.1.jar;C:\Documents and Settings\boulu72\.m2\repository\commons-pool\commons-pool\1.5.6\commons-pool-1.5.6.jar;C:\Documents and Settings\boulu72\.m2\repository\dom4j\dom4j\1.6.1\dom4j-1.6.1.jar;C:\Documents and Settings\boulu72\.m2\repository\javassist\javassist\3.12.0.GA\javassist-3.12.0.GA.jar;C:\Documents and Settings\boulu72\.m2\repository\javax\activation\activation\1.1\activation-1.1.jar;C:\Documents and Settings\boulu72\.m2\repository\javax\el\el-api\1.0\el-api-1.0.jar;C:\Documents and Settings\boulu72\.m2\repository\javax\mail\mail\1.4.6\mail-1.4.6.jar;C:\Documents and Settings\boulu72\.m2\repository\javax\servlet\servlet-api\2.5\servlet-api-2.5.jar;C:\Documents and Settings\boulu72\.m2\repository\javax\servlet\jsp\jsp-api\2.1\jsp-api-2.1.jar;C:\Documents and Settings\boulu72\.m2\repository\javax\servlet\jsp\jstl\jstl-api\1.2\jstl-api-1.2.jar;C:\Documents and Settings\boulu72\.m2\repository\javax\transaction\jta\1.1\jta-1.1.jar;C:\Documents and Settings\boulu72\.m2\repository\javax\validation\validation-api\1.0.0.GA\validation-api-1.0.0.GA.jar;C:\Documents and Settings\boulu72\.m2\repository\joda-time\joda-time\1.6\joda-time-1.6.jar;C:\Documents and Settings\boulu72\.m2\repository\junit\junit\4.10\junit-4.10.jar;C:\Documents and Settings\boulu72\.m2\repository\log4j\log4j\1.2.16\log4j-1.2.16.jar;C:\Documents and Settings\boulu72\.m2\repository\net\sf\flexjson\flexjson\2.1\flexjson-2.1.jar;C:\Documents and Settings\boulu72\.m2\repository\org\apache\commons\commons-lang3\3.1\commons-lang3-3.1.jar;C:\Documents and Settings\boulu72\.m2\repository\org\apache\tiles\tiles-api\2.2.2\tiles-api-2.2.2.jar;C:\Documents and Settings\boulu72\.m2\repository\org\apache\tiles\tiles-core\2.2.2\tiles-core-2.2.2.jar;C:\Documents and Settings\boulu72\.m2\repository\org\apache\tiles\tiles-jsp\2.2.2\tiles-jsp-2.2.2.jar;C:\Documents and Settings\boulu72\.m2\repository\org\apache\tiles\tiles-servlet\2.2.2\tiles-servlet-2.2.2.jar;C:\Documents and Settings\boulu72\.m2\repository\org\apache\tiles\tiles-template\2.2.2\tiles-template-2.2.2.jar;C:\Documents and Settings\boulu72\.m2\repository\org\aspectj\aspectjrt\1.7.0.RC1\aspectjrt-1.7.0.RC1.jar;C:\Documents and Settings\boulu72\.m2\repository\org\aspectj\aspectjweaver\1.7.0.RC1\aspectjweaver-1.7.0.RC1.jar;C:\Documents and Settings\boulu72\.m2\repository\org\beanshell\bsh\2.0b4\bsh-2.0b4.jar;C:\Documents and Settings\boulu72\.m2\repository\org\glassfish\web\jstl-impl\1.2\jstl-impl-1.2.jar;C:\Documents and Settings\boulu72\.m2\repository\org\hibernate\hibernate-commons-annotations\3.2.0.Final\hibernate-commons-annotations-3.2.0.Final.jar;C:\Documents and Settings\boulu72\.m2\repository\org\hibernate\hibernate-core\3.6.9.Final\hibernate-core-3.6.9.Final.jar;C:\Documents and Settings\boulu72\.m2\repository\org\hibernate\hibernate-entitymanager\3.6.9.Final\hibernate-entitymanager-3.6.9.Final.jar;C:\Documents and Settings\boulu72\.m2\repository\org\hibernate\hibernate-validator\4.2.0.Final\hibernate-validator-4.2.0.Final.jar;C:\Documents and Settings\boulu72\.m2\repository\org\hibernate\javax\persistence\hibernate-jpa-2.0-api\1.0.1.Final\hibernate-jpa-2.0-api-1.0.1.Final.jar;C:\Documents and Settings\boulu72\.m2\repository\org\slf4j\jcl-over-slf4j\1.6.4\jcl-over-slf4j-1.6.4.jar;C:\Documents and Settings\boulu72\.m2\repository\org\slf4j\slf4j-api\1.6.4\slf4j-api-1.6.4.jar;C:\Documents and Settings\boulu72\.m2\repository\org\slf4j\slf4j-log4j12\1.6.4\slf4j-log4j12-1.6.4.jar;C:\Documents and Settings\boulu72\.m2\repository\org\springframework\spring-aop\3.1.1.RELEASE\spring-aop-3.1.1.RELEASE.jar;C:\Documents and Settings\boulu72\.m2\repository\org\springframework\spring-asm\3.1.1.RELEASE\spring-asm-3.1.1.RELEASE.jar;C:\Documents and Settings\boulu72\.m2\repository\org\springframework\spring-aspects\3.1.1.RELEASE\spring-aspects-3.1.1.RELEASE.jar;C:\Documents and Settings\boulu72\.m2\repository\org\springframework\spring-beans\3.1.1.RELEASE\spring-beans-3.1.1.RELEASE.jar;C:\Documents and Settings\boulu72\.m2\repository\org\springframework\spring-context\3.1.1.RELEASE\spring-context-3.1.1.RELEASE.jar;C:\Documents and Settings\boulu72\.m2\repository\org\springframework\spring-context-support\3.1.1.RELEASE\spring-context-support-3.1.1.RELEASE.jar;C:\Documents and Settings\boulu72\.m2\repository\org\springframework\spring-core\3.1.1.RELEASE\spring-core-3.1.1.RELEASE.jar;C:\Documents and Settings\boulu72\.m2\repository\org\springframework\spring-expression\3.1.1.RELEASE\spring-expression-3.1.1.RELEASE.jar;C:\Documents and Settings\boulu72\.m2\repository\org\springframework\spring-jdbc\3.1.1.RELEASE\spring-jdbc-3.1.1.RELEASE.jar;C:\Documents and Settings\boulu72\.m2\repository\org\springframework\spring-orm\3.1.1.RELEASE\spring-orm-3.1.1.RELEASE.jar;C:\Documents and Settings\boulu72\.m2\repository\org\springframework\spring-test\3.1.1.RELEASE\spring-test-3.1.1.RELEASE.jar;C:\Documents and Settings\boulu72\.m2\repository\org\springframework\spring-tx\3.1.1.RELEASE\spring-tx-3.1.1.RELEASE.jar;C:\Documents and Settings\boulu72\.m2\repository\org\springframework\spring-web\3.1.1.RELEASE\spring-web-3.1.1.RELEASE.jar;C:\Documents and Settings\boulu72\.m2\repository\org\springframework\spring-webmvc\3.1.1.RELEASE\spring-webmvc-3.1.1.RELEASE.jar;C:\Documents and Settings\boulu72\.m2\repository\org\springframework\roo\org.springframework.roo.annotations\1.2.2.RELEASE\org.springframework.roo.annotations-1.2.2.RELEASE.jar;C:\Documents and Settings\boulu72\.m2\repository\org\springframework\webflow\spring-js-resources\2.2.1.RELEASE\spring-js-resources-2.2.1.RELEASE.jar;C:\Documents and Settings\boulu72\.m2\repository\org\zkoss\common\zcommon\6.0.0\zcommon-6.0.0.jar;C:\Documents and Settings\boulu72\.m2\repository\org\zkoss\common\zel\2.2.1\zel-2.2.1.jar;C:\Documents and Settings\boulu72\.m2\repository\org\zkoss\common\zweb\6.0.0\zweb-6.0.0.jar;C:\Documents and Settings\boulu72\.m2\repository\org\zkoss\zk\zhtml\6.0.0\zhtml-6.0.0.jar;C:\Documents and Settings\boulu72\.m2\repository\org\zkoss\zk\zk\6.0.0\zk-6.0.0.jar;C:\Documents and Settings\boulu72\.m2\repository\org\zkoss\zk\zkbind\6.0.0\zkbind-6.0.0.jar;C:\Documents and Settings\boulu72\.m2\repository\org\zkoss\zk\zkplus\6.0.0\zkplus-6.0.0.jar;C:\Documents and Settings\boulu72\.m2\repository\org\zkoss\zk\zul\6.0.0\zul-6.0.0.jar;C:\Documents and Settings\boulu72\.m2\repository\org\zkoss\zk\roo\zk-roo-runtime\1.0.0.BUILD-SNAPSHOT\zk-roo-runtime-1.0.0.BUILD-SNAPSHOT.jar;C:\workspaceJuno\interventionSIALE\target\classes
-aspectpath
C:\Documents and Settings\boulu72\.m2\repository\org\springframework\spring-aspects\3.1.1.RELEASE\spring-aspects-3.1.1.RELEASE.jar
-d
C:\workspaceJuno\interventionSIALE\target\classes
C:\workspaceJuno\interventionSIALE\src\main\java\nc\mairie\siale\web\MissionActiviteController.java
C:\workspaceJuno\interventionSIALE\src\main\java\nc\mairie\siale\domain\Etablissement_Roo_JavaBean.aj
C:\workspaceJuno\interventionSIALE\src\main\java\nc\mairie\siale\domain\NoteGroupe.java
C:\workspaceJuno\interventionSIALE\src\main\java\nc\mairie\siale\domain\Mission_Roo_Configurable.aj
C:\workspaceJuno\interventionSIALE\src\main\java\nc\mairie\siale\domain\MissionDocument.java
C:\workspaceJuno\interventionSIALE\src\main\java\nc\mairie\siale\domain\Droit_Roo_Jpa_ActiveRecord.aj
C:\workspaceJuno\interventionSIALE\src\main\java\nc\mairie\siale\viewmodel\GestionParametresModel.java
C:\workspaceJuno\interventionSIALE\src\main\java\nc\mairie\siale\web\NotationController_Roo_Controller.aj
C:\workspaceJuno\interventionSIALE\src\main\java\nc\mairie\siale\web\NoteGroupeController_Roo_Controller.aj
C:\workspaceJuno\interventionSIALE\src\main\java\nc\mairie\siale\domain\ControleurSIALE_Roo_Configurable.aj
C:\workspaceJuno\interventionSIALE\src\main\java\nc\mairie\siale\domain\ControleurSIALE.java
C:\workspaceJuno\interventionSIALE\src\main\java\nc\mairie\siale\domain\NoteCritere_Roo_ToString.aj
C:\workspaceJuno\interventionSIALE\src\main\java\nc\mairie\siale\web\TypeParamController.java
C:\workspaceJuno\interventionSIALE\src\main\java\nc\mairie\siale\domain\Bareme_Roo_Jpa_ActiveRecord.aj
C:\workspaceJuno\interventionSIALE\src\main\java\nc\mairie\siale\domain\Mission_Roo_Finder.aj
C:\workspaceJuno\interventionSIALE\src\main\java\nc\mairie\siale\web\MissionActiviteController_Roo_Controller.aj
C:\workspaceJuno\interventionSIALE\src\main\java\nc\mairie\siale\domain\Param_Roo_Finder.aj
C:\workspaceJuno\interventionSIALE\src\main\java\nc\mairie\siale\domain\Notation_Roo_Configurable.aj
C:\workspaceJuno\interventionSIALE\src\main\java\nc\mairie\siale\web\ControleurSIALEController.java
C:\workspaceJuno\interventionSIALE\src\main\java\nc\mairie\siale\web\ParamController_Roo_Controller.aj
C:\workspaceJuno\interventionSIALE\src\main\java\nc\mairie\siale\domain\NoteGroupe_Roo_Jpa_ActiveRecord.aj
C:\workspaceJuno\interventionSIALE\src\main\java\nc\mairie\siale\domain\Param_Roo_ToString.aj
C:\workspaceJuno\interventionSIALE\src\main\java\nc\mairie\siale\domain\MissionAction_Roo_Jpa_Entity.aj
C:\workspaceJuno\interventionSIALE\src\main\java\nc\mairie\siale\viewmodel\GestionMissionsModel.java
C:\workspaceJuno\interventionSIALE\src\main\java\nc\mairie\siale\domain\Bareme_Roo_Configurable.aj
C:\workspaceJuno\interventionSIALE\src\main\java\nc\mairie\siale\domain\Droit_Roo_JavaBean.aj
C:\workspaceJuno\interventionSIALE\src\main\java\nc\mairie\siale\domain\MissionActivite_Roo_JavaBean.aj
C:\workspaceJuno\interventionSIALE\src\main\java\nc\mairie\siale\technique\BooleanTypeConverter.java
C:\workspaceJuno\interventionSIALE\src\main\java\nc\mairie\siale\domain\TypeParam_Roo_Jpa_Entity.aj
C:\workspaceJuno\interventionSIALE\src\main\java\nc\mairie\siale\domain\MissionAction_Roo_Jpa_ActiveRecord.aj
C:\workspaceJuno\interventionSIALE\src\main\java\nc\mairie\siale\technique\ControleSaisie.java
C:\workspaceJuno\interventionSIALE\src\main\java\nc\mairie\siale\domain\Etablissement_Roo_Configurable.aj
C:\workspaceJuno\interventionSIALE\src\main\java\nc\mairie\siale\domain\Bareme_Roo_ToString.aj
C:\workspaceJuno\interventionSIALE\src\main\java\nc\mairie\siale\domain\TypeParam_Roo_JavaBean.aj
C:\workspaceJuno\interventionSIALE\src\main\java\nc\mairie\siale\domain\MissionActivite.java
C:\workspaceJuno\interventionSIALE\src\main\java\nc\mairie\siale\domain\Notation_Roo_Jpa_Entity.aj
C:\workspaceJuno\interventionSIALE\src\main\java\nc\mairie\siale\domain\NoteCritere_Roo_Configurable.aj
C:\workspaceJuno\interventionSIALE\src\main\java\nc\mairie\siale\web\BaremeController_Roo_Controller.aj
C:\workspaceJuno\interventionSIALE\src\main\java\nc\mairie\siale\domain\Notation_Roo_Jpa_ActiveRecord.aj
C:\workspaceJuno\interventionSIALE\src\main\java\nc\mairie\siale\domain\MissionAction_Roo_Configurable.aj
C:\workspaceJuno\interventionSIALE\src\main\java\nc\mairie\siale\web\MissionController.java
C:\workspaceJuno\interventionSIALE\src\main\java\nc\mairie\siale\web\ParamController.java
C:\workspaceJuno\interventionSIALE\src\main\java\nc\mairie\siale\web\DroitController.java
C:\workspaceJuno\interventionSIALE\src\main\java\nc\mairie\siale\technique\CurrentUser.java
C:\workspaceJuno\interventionSIALE\src\main\java\nc\mairie\siale\technique\Action.java
C:\workspaceJuno\interventionSIALE\src\main\java\nc\mairie\siale\web\BaremeController.java
C:\workspaceJuno\interventionSIALE\src\main\java\nc\mairie\siale\domain\NoteGroupe_Roo_ToString.aj
C:\workspaceJuno\interventionSIALE\src\main\java\nc\mairie\siale\domain\Notation_Roo_ToString.aj
C:\workspaceJuno\interventionSIALE\src\main\java\nc\mairie\siale\domain\MissionActivite_Roo_ToString.aj
C:\workspaceJuno\interventionSIALE\src\main\java\nc\mairie\siale\web\TypeParamController_Roo_Controller.aj
C:\workspaceJuno\interventionSIALE\src\main\java\nc\mairie\siale\domain\Etablissement_Roo_Finder.aj
C:\workspaceJuno\interventionSIALE\src\main\java\nc\mairie\siale\web\MissionActionController.java
C:\workspaceJuno\interventionSIALE\src\main\java\nc\mairie\siale\domain\Bareme_Roo_JavaBean.aj
C:\workspaceJuno\interventionSIALE\src\main\java\nc\mairie\siale\technique\DateConverterMVVM.java
C:\workspaceJuno\interventionSIALE\src\main\java\nc\mairie\siale\technique\Nombre.java
C:\workspaceJuno\interventionSIALE\src\main\java\nc\mairie\siale\domain\Param_Roo_Configurable.aj
C:\workspaceJuno\interventionSIALE\src\main\java\nc\mairie\siale\web\EtablissementController.java
C:\workspaceJuno\interventionSIALE\src\main\java\nc\mairie\siale\domain\Param.java
C:\workspaceJuno\interventionSIALE\src\main\java\nc\mairie\siale\domain\MissionDocument_Roo_Jpa_ActiveRecord.aj
C:\workspaceJuno\interventionSIALE\src\main\java\nc\mairie\siale\domain\MissionDocument_Roo_JavaBean.aj
C:\workspaceJuno\interventionSIALE\src\main\java\nc\mairie\siale\technique\BooleanConverterMVVM.java
C:\workspaceJuno\interventionSIALE\src\main\java\nc\mairie\siale\domain\Bareme.java
C:\workspaceJuno\interventionSIALE\src\main\java\nc\mairie\siale\web\ApplicationConversionServiceFactoryBean_Roo_ConversionService.aj
C:\workspaceJuno\interventionSIALE\src\main\java\nc\mairie\siale\domain\Etablissement_Roo_ToString.aj
C:\workspaceJuno\interventionSIALE\src\main\java\nc\mairie\siale\domain\Etablissement.java
C:\workspaceJuno\interventionSIALE\src\main\java\nc\mairie\siale\domain\NoteCritere.java
C:\workspaceJuno\interventionSIALE\src\main\java\nc\mairie\siale\domain\MissionAction.java
C:\workspaceJuno\interventionSIALE\src\main\java\nc\mairie\siale\domain\Droit_Roo_ToString.aj
C:\workspaceJuno\interventionSIALE\src\main\java\nc\mairie\siale\domain\NoteGroupe_Roo_Jpa_Entity.aj
C:\workspaceJuno\interventionSIALE\src\main\java\nc\mairie\siale\domain\TypeParam.java
C:\workspaceJuno\interventionSIALE\src\main\java\nc\mairie\siale\web\ControleurSIALEController_Roo_Controller.aj
C:\workspaceJuno\interventionSIALE\src\main\java\nc\mairie\siale\domain\MissionDocument_Roo_ToString.aj
C:\workspaceJuno\interventionSIALE\src\main\java\nc\mairie\siale\domain\NoteCritere_Roo_Jpa_ActiveRecord.aj
C:\workspaceJuno\interventionSIALE\src\main\java\nc\mairie\siale\web\MissionActionController_Roo_Controller.aj
C:\workspaceJuno\interventionSIALE\src\main\java\nc\mairie\siale\domain\MissionActivite_Roo_Jpa_Entity.aj
C:\workspaceJuno\interventionSIALE\src\main\java\nc\mairie\siale\domain\Etablissement_Roo_Jpa_ActiveRecord.aj
C:\workspaceJuno\interventionSIALE\src\main\java\nc\mairie\siale\technique\Outlook.java
C:\workspaceJuno\interventionSIALE\src\main\java\nc\mairie\siale\domain\Droit.java
C:\workspaceJuno\interventionSIALE\src\main\java\nc\mairie\siale\domain\MissionActivite_Roo_Jpa_ActiveRecord.aj
C:\workspaceJuno\interventionSIALE\src\main\java\nc\mairie\siale\domain\Notation_Roo_JavaBean.aj
C:\workspaceJuno\interventionSIALE\src\main\java\nc\mairie\siale\domain\ControleurSIALE_Roo_Jpa_Entity.aj
C:\workspaceJuno\interventionSIALE\src\main\java\nc\mairie\siale\domain\MissionActivite_Roo_Configurable.aj
C:\workspaceJuno\interventionSIALE\src\main\java\nc\mairie\siale\web\MissionController_Roo_Controller.aj
C:\workspaceJuno\interventionSIALE\src\main\java\nc\mairie\siale\web\ApplicationConversionServiceFactoryBean.java
C:\workspaceJuno\interventionSIALE\src\main\java\nc\mairie\siale\web\NoteCritereController_Roo_Controller.aj
C:\workspaceJuno\interventionSIALE\src\main\java\nc\mairie\siale\viewmodel\SaisirMissionsModel.java
C:\workspaceJuno\interventionSIALE\src\main\java\nc\mairie\siale\domain\NoteCritere_Roo_JavaBean.aj
C:\workspaceJuno\interventionSIALE\src\main\java\nc\mairie\siale\web\DroitController_Roo_Controller.aj
C:\workspaceJuno\interventionSIALE\src\main\java\nc\mairie\siale\web\NoteGroupeController.java
C:\workspaceJuno\interventionSIALE\src\main\java\nc\mairie\siale\domain\ControleurSIALE_Roo_ToString.aj
C:\workspaceJuno\interventionSIALE\src\main\java\nc\mairie\siale\domain\TypeParam_Roo_Configurable.aj
C:\workspaceJuno\interventionSIALE\src\main\java\nc\mairie\siale\domain\MissionDocument_Roo_Configurable.aj
C:\workspaceJuno\interventionSIALE\src\main\java\nc\mairie\siale\domain\Mission.java
C:\workspaceJuno\interventionSIALE\src\main\java\nc\mairie\siale\web\MissionDocumentController_Roo_Controller.aj
C:\workspaceJuno\interventionSIALE\src\main\java\nc\mairie\siale\domain\Param_Roo_Jpa_Entity.aj
C:\workspaceJuno\interventionSIALE\src\main\java\nc\mairie\siale\domain\NoteCritere_Roo_Jpa_Entity.aj
C:\workspaceJuno\interventionSIALE\src\main\java\nc\mairie\siale\domain\MissionDocument_Roo_Jpa_Entity.aj
C:\workspaceJuno\interventionSIALE\src\main\java\nc\mairie\siale\domain\TypeParam_Roo_Jpa_ActiveRecord.aj
C:\workspaceJuno\interventionSIALE\src\main\java\nc\mairie\siale\domain\Notation.java
C:\workspaceJuno\interventionSIALE\src\main\java\nc\mairie\siale\domain\Mission_Roo_Jpa_ActiveRecord.aj
C:\workspaceJuno\interventionSIALE\src\main\java\nc\mairie\siale\viewmodel\problemMVVM\GestionParametresModelMVVM.java
C:\workspaceJuno\interventionSIALE\src\main\java\nc\mairie\siale\domain\MissionAction_Roo_JavaBean.aj
C:\workspaceJuno\interventionSIALE\src\main\java\nc\mairie\siale\domain\Param_Roo_Jpa_ActiveRecord.aj
C:\workspaceJuno\interventionSIALE\src\main\java\nc\mairie\siale\viewmodel\AccueilModel.java
C:\workspaceJuno\interventionSIALE\src\main\java\nc\mairie\siale\domain\Mission_Roo_ToString.aj
C:\workspaceJuno\interventionSIALE\src\main\java\nc\mairie\siale\domain\MissionAction_Roo_ToString.aj
C:\workspaceJuno\interventionSIALE\src\main\java\nc\mairie\siale\web\EtablissementController_Roo_Controller.aj
C:\workspaceJuno\interventionSIALE\src\main\java\nc\mairie\siale\domain\Etablissement_Roo_Jpa_Entity.aj
C:\workspaceJuno\interventionSIALE\src\main\java\nc\mairie\siale\viewmodel\SaisirNotationModel.java
C:\workspaceJuno\interventionSIALE\src\main\java\nc\mairie\siale\technique\TypeEtablissement.java
C:\workspaceJuno\interventionSIALE\src\main\java\nc\mairie\siale\web\NoteCritereController.java
C:\workspaceJuno\interventionSIALE\src\main\java\nc\mairie\siale\domain\NoteGroupe_Roo_JavaBean.aj
C:\workspaceJuno\interventionSIALE\src\main\java\nc\mairie\siale\domain\TypeParam_Roo_ToString.aj
C:\workspaceJuno\interventionSIALE\src\main\java\nc\mairie\siale\domain\Bareme_Roo_Jpa_Entity.aj
C:\workspaceJuno\interventionSIALE\src\main\java\nc\mairie\siale\domain\Droit_Roo_Configurable.aj
C:\workspaceJuno\interventionSIALE\src\main\java\nc\mairie\siale\domain\NoteGroupe_Roo_Configurable.aj
C:\workspaceJuno\interventionSIALE\src\main\java\nc\mairie\siale\domain\Param_Roo_JavaBean.aj
C:\workspaceJuno\interventionSIALE\src\main\java\nc\mairie\siale\domain\Droit_Roo_Jpa_Entity.aj
C:\workspaceJuno\interventionSIALE\src\main\java\nc\mairie\siale\domain\Mission_Roo_Jpa_Entity.aj
C:\workspaceJuno\interventionSIALE\src\main\java\nc\mairie\siale\web\NotationController.java
C:\workspaceJuno\interventionSIALE\src\main\java\nc\mairie\siale\domain\ControleurSIALE_Roo_Jpa_ActiveRecord.aj
C:\workspaceJuno\interventionSIALE\src\main\java\nc\mairie\siale\web\ParamController_Roo_Controller_Finder.aj
C:\workspaceJuno\interventionSIALE\src\main\java\nc\mairie\siale\viewmodel\BaremeNotationModel.java
C:\workspaceJuno\interventionSIALE\src\main\java\nc\mairie\siale\domain\Mission_Roo_JavaBean.aj
C:\workspaceJuno\interventionSIALE\src\main\java\nc\mairie\siale\domain\ControleurSIALE_Roo_JavaBean.aj
C:\workspaceJuno\interventionSIALE\src\main\java\nc\mairie\siale\web\MissionDocumentController.java
C:\workspaceJuno\interventionSIALE\src\main\java\nc\mairie\siale\viewmodel\problemMVVM\GestionMissionsModelMVVM.java
